<?xml version="1.0" encoding="UTF-8"?>
<!-- Generated by org.testng.reporters.JUnitXMLReporter -->
<testsuite hostname="LAPTOP-U82EF2BK" ignored="0" name="Default test" tests="6" failures="0" timestamp="2021-10-05T13:11:33 IST" time="22.204" errors="0">
  <testcase name="login" time="0.536" classname="Academy.HomePage"/>
  <testcase name="drop" time="3.309" classname="Academy.HomePage"/>
  <testcase name="selectProduct" time="1.644" classname="Academy.HomePage"/>
  <testcase name="cart" time="1.121" classname="Academy.HomePage"/>
  <testcase name="Checkout" time="7.794" classname="Academy.HomePage"/>
  <testcase name="Validity" time="0.039" classname="Academy.HomePage"/>
</testsuite> <!-- Default test -->
