<?xml version="1.0" encoding="UTF-8"?>
<!-- Generated by org.testng.reporters.JUnitXMLReporter -->
<testsuite hostname="LAPTOP-U82EF2BK" name="Login" tests="6" failures="0" timestamp="5 Oct 2021 07:29:21 GMT" time="20.665" errors="0">
  <testcase name="login" time="0.384" classname="Academy.HomePage"/>
  <testcase name="drop" time="3.186" classname="Academy.HomePage"/>
  <testcase name="selectProduct" time="1.489" classname="Academy.HomePage"/>
  <testcase name="cart" time="1.088" classname="Academy.HomePage"/>
  <testcase name="Checkout" time="7.651" classname="Academy.HomePage"/>
  <testcase name="Validity" time="0.053" classname="Academy.HomePage"/>
</testsuite> <!-- Login -->
